{"C:\\Users\\Marcel Nyembo\\Desktop\\Talented_JobMarket_API\\controllers\\applicationController.js": {"path":"C:\\Users\\Marcel Nyembo\\Desktop\\Talented_JobMarket_API\\controllers\\applicationController.js","statementMap":{"0":{"start":{"line":3,"column":18},"end":{"line":3,"column":53}},"1":{"start":{"line":4,"column":20},"end":{"line":4,"column":57}},"2":{"start":{"line":6,"column":16},"end":{"line":6,"column":34}},"3":{"start":{"line":8,"column":18},"end":{"line":8,"column":41}},"4":{"start":{"line":9,"column":35},"end":{"line":9,"column":63}},"5":{"start":{"line":10,"column":11},"end":{"line":10,"column":24}},"6":{"start":{"line":11,"column":15},"end":{"line":11,"column":32}},"7":{"start":{"line":12,"column":13},"end":{"line":12,"column":28}},"8":{"start":{"line":14,"column":25},"end":{"line":14,"column":100}},"9":{"start":{"line":17,"column":16},"end":{"line":42,"column":2}},"10":{"start":{"line":19,"column":25},"end":{"line":19,"column":34}},"11":{"start":{"line":20,"column":12},"end":{"line":23,"column":13}},"12":{"start":{"line":21,"column":16},"end":{"line":21,"column":35}},"13":{"start":{"line":22,"column":16},"end":{"line":22,"column":64}},"14":{"start":{"line":25,"column":31},"end":{"line":25,"column":64}},"15":{"start":{"line":28,"column":12},"end":{"line":28,"column":58}},"16":{"start":{"line":30,"column":12},"end":{"line":30,"column":33}},"17":{"start":{"line":34,"column":36},"end":{"line":34,"column":44}},"18":{"start":{"line":35,"column":29},"end":{"line":35,"column":79}},"19":{"start":{"line":36,"column":30},"end":{"line":36,"column":61}},"20":{"start":{"line":38,"column":27},"end":{"line":38,"column":96}},"21":{"start":{"line":40,"column":8},"end":{"line":40,"column":27}},"22":{"start":{"line":44,"column":15},"end":{"line":57,"column":2}},"23":{"start":{"line":47,"column":29},"end":{"line":47,"column":145}},"24":{"start":{"line":48,"column":8},"end":{"line":52,"column":9}},"25":{"start":{"line":49,"column":12},"end":{"line":49,"column":27}},"26":{"start":{"line":51,"column":12},"end":{"line":51,"column":92}},"27":{"start":{"line":59,"column":24},"end":{"line":69,"column":1}},"28":{"start":{"line":60,"column":4},"end":{"line":68,"column":5}},"29":{"start":{"line":61,"column":29},"end":{"line":62,"column":66}},"30":{"start":{"line":64,"column":8},"end":{"line":64,"column":58}},"31":{"start":{"line":65,"column":8},"end":{"line":65,"column":31}},"32":{"start":{"line":67,"column":8},"end":{"line":67,"column":55}},"33":{"start":{"line":71,"column":22},"end":{"line":79,"column":1}},"34":{"start":{"line":72,"column":4},"end":{"line":78,"column":5}},"35":{"start":{"line":73,"column":29},"end":{"line":73,"column":51}},"36":{"start":{"line":74,"column":8},"end":{"line":74,"column":58}},"37":{"start":{"line":75,"column":8},"end":{"line":75,"column":31}},"38":{"start":{"line":77,"column":8},"end":{"line":77,"column":55}},"39":{"start":{"line":81,"column":27},"end":{"line":92,"column":1}},"40":{"start":{"line":82,"column":4},"end":{"line":91,"column":5}},"41":{"start":{"line":83,"column":28},"end":{"line":84,"column":68}},"42":{"start":{"line":86,"column":8},"end":{"line":86,"column":92}},"43":{"start":{"line":86,"column":26},"end":{"line":86,"column":92}},"44":{"start":{"line":87,"column":8},"end":{"line":87,"column":58}},"45":{"start":{"line":88,"column":8},"end":{"line":88,"column":30}},"46":{"start":{"line":90,"column":8},"end":{"line":90,"column":55}},"47":{"start":{"line":94,"column":38},"end":{"line":100,"column":1}},"48":{"start":{"line":102,"column":23},"end":{"line":152,"column":5}},"49":{"start":{"line":103,"column":19},"end":{"line":103,"column":40}},"50":{"start":{"line":104,"column":4},"end":{"line":106,"column":5}},"51":{"start":{"line":105,"column":8},"end":{"line":105,"column":64}},"52":{"start":{"line":108,"column":8},"end":{"line":151,"column":9}},"53":{"start":{"line":109,"column":45},"end":{"line":109,"column":53}},"54":{"start":{"line":110,"column":28},"end":{"line":110,"column":32}},"55":{"start":{"line":111,"column":33},"end":{"line":111,"column":37}},"56":{"start":{"line":112,"column":32},"end":{"line":112,"column":36}},"57":{"start":{"line":113,"column":26},"end":{"line":113,"column":52}},"58":{"start":{"line":114,"column":26},"end":{"line":114,"column":60}},"59":{"start":{"line":115,"column":13},"end":{"line":115,"column":30}},"60":{"start":{"line":116,"column":12},"end":{"line":118,"column":13}},"61":{"start":{"line":117,"column":17},"end":{"line":117,"column":37}},"62":{"start":{"line":120,"column":12},"end":{"line":122,"column":13}},"63":{"start":{"line":121,"column":16},"end":{"line":121,"column":86}},"64":{"start":{"line":124,"column":12},"end":{"line":126,"column":13}},"65":{"start":{"line":125,"column":16},"end":{"line":125,"column":96}},"66":{"start":{"line":128,"column":12},"end":{"line":130,"column":13}},"67":{"start":{"line":129,"column":16},"end":{"line":129,"column":94}},"68":{"start":{"line":132,"column":32},"end":{"line":142,"column":14}},"69":{"start":{"line":144,"column":35},"end":{"line":144,"column":59}},"70":{"start":{"line":146,"column":12},"end":{"line":146,"column":101}},"71":{"start":{"line":146,"column":33},"end":{"line":146,"column":101}},"72":{"start":{"line":148,"column":12},"end":{"line":148,"column":49}},"73":{"start":{"line":150,"column":12},"end":{"line":150,"column":61}},"74":{"start":{"line":154,"column":40},"end":{"line":161,"column":1}},"75":{"start":{"line":163,"column":26},"end":{"line":206,"column":1}},"76":{"start":{"line":164,"column":19},"end":{"line":164,"column":40}},"77":{"start":{"line":165,"column":4},"end":{"line":167,"column":5}},"78":{"start":{"line":166,"column":8},"end":{"line":166,"column":64}},"79":{"start":{"line":169,"column":4},"end":{"line":205,"column":7}},"80":{"start":{"line":174,"column":8},"end":{"line":176,"column":9}},"81":{"start":{"line":175,"column":12},"end":{"line":175,"column":66}},"82":{"start":{"line":178,"column":8},"end":{"line":204,"column":9}},"83":{"start":{"line":179,"column":34},"end":{"line":179,"column":47}},"84":{"start":{"line":180,"column":31},"end":{"line":180,"column":33}},"85":{"start":{"line":182,"column":12},"end":{"line":182,"column":78}},"86":{"start":{"line":182,"column":36},"end":{"line":182,"column":78}},"87":{"start":{"line":183,"column":12},"end":{"line":183,"column":93}},"88":{"start":{"line":183,"column":41},"end":{"line":183,"column":93}},"89":{"start":{"line":184,"column":12},"end":{"line":184,"column":69}},"90":{"start":{"line":184,"column":33},"end":{"line":184,"column":69}},"91":{"start":{"line":185,"column":12},"end":{"line":185,"column":78}},"92":{"start":{"line":185,"column":36},"end":{"line":185,"column":78}},"93":{"start":{"line":186,"column":12},"end":{"line":186,"column":69}},"94":{"start":{"line":186,"column":33},"end":{"line":186,"column":69}},"95":{"start":{"line":187,"column":12},"end":{"line":187,"column":78}},"96":{"start":{"line":187,"column":36},"end":{"line":187,"column":78}},"97":{"start":{"line":189,"column":12},"end":{"line":191,"column":13}},"98":{"start":{"line":190,"column":16},"end":{"line":190,"column":94}},"99":{"start":{"line":192,"column":12},"end":{"line":194,"column":13}},"100":{"start":{"line":193,"column":16},"end":{"line":193,"column":104}},"101":{"start":{"line":195,"column":12},"end":{"line":197,"column":13}},"102":{"start":{"line":196,"column":16},"end":{"line":196,"column":102}},"103":{"start":{"line":199,"column":39},"end":{"line":199,"column":116}},"104":{"start":{"line":200,"column":12},"end":{"line":200,"column":103}},"105":{"start":{"line":200,"column":37},"end":{"line":200,"column":103}},"106":{"start":{"line":201,"column":12},"end":{"line":201,"column":41}},"107":{"start":{"line":203,"column":12},"end":{"line":203,"column":61}},"108":{"start":{"line":208,"column":26},"end":{"line":216,"column":1}},"109":{"start":{"line":209,"column":4},"end":{"line":215,"column":5}},"110":{"start":{"line":210,"column":35},"end":{"line":210,"column":85}},"111":{"start":{"line":211,"column":8},"end":{"line":211,"column":99}},"112":{"start":{"line":211,"column":33},"end":{"line":211,"column":99}},"113":{"start":{"line":212,"column":8},"end":{"line":212,"column":53}},"114":{"start":{"line":214,"column":8},"end":{"line":214,"column":55}},"115":{"start":{"line":218,"column":0},"end":{"line":228,"column":2}}},"fnMap":{"0":{"name":"(anonymous_0)","decl":{"start":{"line":18,"column":17},"end":{"line":18,"column":18}},"loc":{"start":{"line":18,"column":42},"end":{"line":32,"column":9}},"line":18},"1":{"name":"(anonymous_1)","decl":{"start":{"line":33,"column":14},"end":{"line":33,"column":15}},"loc":{"start":{"line":33,"column":39},"end":{"line":41,"column":5}},"line":33},"2":{"name":"(anonymous_2)","decl":{"start":{"line":46,"column":16},"end":{"line":46,"column":17}},"loc":{"start":{"line":46,"column":35},"end":{"line":53,"column":5}},"line":46},"3":{"name":"(anonymous_3)","decl":{"start":{"line":59,"column":24},"end":{"line":59,"column":25}},"loc":{"start":{"line":59,"column":44},"end":{"line":69,"column":1}},"line":59},"4":{"name":"(anonymous_4)","decl":{"start":{"line":71,"column":22},"end":{"line":71,"column":23}},"loc":{"start":{"line":71,"column":42},"end":{"line":79,"column":1}},"line":71},"5":{"name":"(anonymous_5)","decl":{"start":{"line":81,"column":27},"end":{"line":81,"column":28}},"loc":{"start":{"line":81,"column":47},"end":{"line":92,"column":1}},"line":81},"6":{"name":"(anonymous_6)","decl":{"start":{"line":102,"column":23},"end":{"line":102,"column":24}},"loc":{"start":{"line":102,"column":43},"end":{"line":152,"column":5}},"line":102},"7":{"name":"(anonymous_7)","decl":{"start":{"line":163,"column":26},"end":{"line":163,"column":27}},"loc":{"start":{"line":163,"column":46},"end":{"line":206,"column":1}},"line":163},"8":{"name":"(anonymous_8)","decl":{"start":{"line":173,"column":17},"end":{"line":173,"column":18}},"loc":{"start":{"line":173,"column":32},"end":{"line":205,"column":5}},"line":173},"9":{"name":"(anonymous_9)","decl":{"start":{"line":208,"column":26},"end":{"line":208,"column":27}},"loc":{"start":{"line":208,"column":46},"end":{"line":216,"column":1}},"line":208}},"branchMap":{"0":{"loc":{"start":{"line":20,"column":12},"end":{"line":23,"column":13}},"type":"if","locations":[{"start":{"line":20,"column":12},"end":{"line":23,"column":13}},{"start":{},"end":{}}],"line":20},"1":{"loc":{"start":{"line":48,"column":8},"end":{"line":52,"column":9}},"type":"if","locations":[{"start":{"line":48,"column":8},"end":{"line":52,"column":9}},{"start":{"line":50,"column":15},"end":{"line":52,"column":9}}],"line":48},"2":{"loc":{"start":{"line":86,"column":8},"end":{"line":86,"column":92}},"type":"if","locations":[{"start":{"line":86,"column":8},"end":{"line":86,"column":92}},{"start":{},"end":{}}],"line":86},"3":{"loc":{"start":{"line":104,"column":4},"end":{"line":106,"column":5}},"type":"if","locations":[{"start":{"line":104,"column":4},"end":{"line":106,"column":5}},{"start":{},"end":{}}],"line":104},"4":{"loc":{"start":{"line":116,"column":12},"end":{"line":118,"column":13}},"type":"if","locations":[{"start":{"line":116,"column":12},"end":{"line":118,"column":13}},{"start":{},"end":{}}],"line":116},"5":{"loc":{"start":{"line":120,"column":12},"end":{"line":122,"column":13}},"type":"if","locations":[{"start":{"line":120,"column":12},"end":{"line":122,"column":13}},{"start":{},"end":{}}],"line":120},"6":{"loc":{"start":{"line":120,"column":16},"end":{"line":120,"column":56}},"type":"binary-expr","locations":[{"start":{"line":120,"column":16},"end":{"line":120,"column":33}},{"start":{"line":120,"column":37},"end":{"line":120,"column":56}}],"line":120},"7":{"loc":{"start":{"line":124,"column":12},"end":{"line":126,"column":13}},"type":"if","locations":[{"start":{"line":124,"column":12},"end":{"line":126,"column":13}},{"start":{},"end":{}}],"line":124},"8":{"loc":{"start":{"line":124,"column":16},"end":{"line":124,"column":66}},"type":"binary-expr","locations":[{"start":{"line":124,"column":16},"end":{"line":124,"column":38}},{"start":{"line":124,"column":42},"end":{"line":124,"column":66}}],"line":124},"9":{"loc":{"start":{"line":128,"column":12},"end":{"line":130,"column":13}},"type":"if","locations":[{"start":{"line":128,"column":12},"end":{"line":130,"column":13}},{"start":{},"end":{}}],"line":128},"10":{"loc":{"start":{"line":128,"column":16},"end":{"line":128,"column":64}},"type":"binary-expr","locations":[{"start":{"line":128,"column":16},"end":{"line":128,"column":37}},{"start":{"line":128,"column":41},"end":{"line":128,"column":64}}],"line":128},"11":{"loc":{"start":{"line":146,"column":12},"end":{"line":146,"column":101}},"type":"if","locations":[{"start":{"line":146,"column":12},"end":{"line":146,"column":101}},{"start":{},"end":{}}],"line":146},"12":{"loc":{"start":{"line":165,"column":4},"end":{"line":167,"column":5}},"type":"if","locations":[{"start":{"line":165,"column":4},"end":{"line":167,"column":5}},{"start":{},"end":{}}],"line":165},"13":{"loc":{"start":{"line":174,"column":8},"end":{"line":176,"column":9}},"type":"if","locations":[{"start":{"line":174,"column":8},"end":{"line":176,"column":9}},{"start":{},"end":{}}],"line":174},"14":{"loc":{"start":{"line":182,"column":12},"end":{"line":182,"column":78}},"type":"if","locations":[{"start":{"line":182,"column":12},"end":{"line":182,"column":78}},{"start":{},"end":{}}],"line":182},"15":{"loc":{"start":{"line":183,"column":12},"end":{"line":183,"column":93}},"type":"if","locations":[{"start":{"line":183,"column":12},"end":{"line":183,"column":93}},{"start":{},"end":{}}],"line":183},"16":{"loc":{"start":{"line":184,"column":12},"end":{"line":184,"column":69}},"type":"if","locations":[{"start":{"line":184,"column":12},"end":{"line":184,"column":69}},{"start":{},"end":{}}],"line":184},"17":{"loc":{"start":{"line":185,"column":12},"end":{"line":185,"column":78}},"type":"if","locations":[{"start":{"line":185,"column":12},"end":{"line":185,"column":78}},{"start":{},"end":{}}],"line":185},"18":{"loc":{"start":{"line":186,"column":12},"end":{"line":186,"column":69}},"type":"if","locations":[{"start":{"line":186,"column":12},"end":{"line":186,"column":69}},{"start":{},"end":{}}],"line":186},"19":{"loc":{"start":{"line":187,"column":12},"end":{"line":187,"column":78}},"type":"if","locations":[{"start":{"line":187,"column":12},"end":{"line":187,"column":78}},{"start":{},"end":{}}],"line":187},"20":{"loc":{"start":{"line":189,"column":12},"end":{"line":191,"column":13}},"type":"if","locations":[{"start":{"line":189,"column":12},"end":{"line":191,"column":13}},{"start":{},"end":{}}],"line":189},"21":{"loc":{"start":{"line":189,"column":16},"end":{"line":189,"column":56}},"type":"binary-expr","locations":[{"start":{"line":189,"column":16},"end":{"line":189,"column":33}},{"start":{"line":189,"column":37},"end":{"line":189,"column":56}}],"line":189},"22":{"loc":{"start":{"line":192,"column":12},"end":{"line":194,"column":13}},"type":"if","locations":[{"start":{"line":192,"column":12},"end":{"line":194,"column":13}},{"start":{},"end":{}}],"line":192},"23":{"loc":{"start":{"line":192,"column":16},"end":{"line":192,"column":66}},"type":"binary-expr","locations":[{"start":{"line":192,"column":16},"end":{"line":192,"column":38}},{"start":{"line":192,"column":42},"end":{"line":192,"column":66}}],"line":192},"24":{"loc":{"start":{"line":195,"column":12},"end":{"line":197,"column":13}},"type":"if","locations":[{"start":{"line":195,"column":12},"end":{"line":197,"column":13}},{"start":{},"end":{}}],"line":195},"25":{"loc":{"start":{"line":195,"column":16},"end":{"line":195,"column":64}},"type":"binary-expr","locations":[{"start":{"line":195,"column":16},"end":{"line":195,"column":37}},{"start":{"line":195,"column":41},"end":{"line":195,"column":64}}],"line":195},"26":{"loc":{"start":{"line":200,"column":12},"end":{"line":200,"column":103}},"type":"if","locations":[{"start":{"line":200,"column":12},"end":{"line":200,"column":103}},{"start":{},"end":{}}],"line":200},"27":{"loc":{"start":{"line":211,"column":8},"end":{"line":211,"column":99}},"type":"if","locations":[{"start":{"line":211,"column":8},"end":{"line":211,"column":99}},{"start":{},"end":{}}],"line":211}},"s":{"0":1,"1":1,"2":1,"3":1,"4":1,"5":1,"6":1,"7":1,"8":1,"9":1,"10":0,"11":0,"12":0,"13":0,"14":0,"15":0,"16":0,"17":0,"18":0,"19":0,"20":0,"21":0,"22":1,"23":0,"24":0,"25":0,"26":0,"27":1,"28":0,"29":0,"30":0,"31":0,"32":0,"33":1,"34":0,"35":0,"36":0,"37":0,"38":0,"39":1,"40":0,"41":0,"42":0,"43":0,"44":0,"45":0,"46":0,"47":1,"48":1,"49":0,"50":0,"51":0,"52":0,"53":0,"54":0,"55":0,"56":0,"57":0,"58":0,"59":0,"60":0,"61":0,"62":0,"63":0,"64":0,"65":0,"66":0,"67":0,"68":0,"69":0,"70":0,"71":0,"72":0,"73":0,"74":1,"75":1,"76":0,"77":0,"78":0,"79":0,"80":0,"81":0,"82":0,"83":0,"84":0,"85":0,"86":0,"87":0,"88":0,"89":0,"90":0,"91":0,"92":0,"93":0,"94":0,"95":0,"96":0,"97":0,"98":0,"99":0,"100":0,"101":0,"102":0,"103":0,"104":0,"105":0,"106":0,"107":0,"108":1,"109":0,"110":0,"111":0,"112":0,"113":0,"114":0,"115":1},"f":{"0":0,"1":0,"2":0,"3":0,"4":0,"5":0,"6":0,"7":0,"8":0,"9":0},"b":{"0":[0,0],"1":[0,0],"2":[0,0],"3":[0,0],"4":[0,0],"5":[0,0],"6":[0,0],"7":[0,0],"8":[0,0],"9":[0,0],"10":[0,0],"11":[0,0],"12":[0,0],"13":[0,0],"14":[0,0],"15":[0,0],"16":[0,0],"17":[0,0],"18":[0,0],"19":[0,0],"20":[0,0],"21":[0,0],"22":[0,0],"23":[0,0],"24":[0,0],"25":[0,0],"26":[0,0],"27":[0,0]},"_coverageSchema":"1a1c01bbd47fc00a2c39e90264f33305004495a9","hash":"166c26a9e504964fd95bbfb7fc331b3440e083a2"}
,"C:\\Users\\Marcel Nyembo\\Desktop\\Talented_JobMarket_API\\database\\index.js": {"path":"C:\\Users\\Marcel Nyembo\\Desktop\\Talented_JobMarket_API\\database\\index.js","statementMap":{"0":{"start":{"line":2,"column":17},"end":{"line":2,"column":36}},"1":{"start":{"line":4,"column":22},"end":{"line":4,"column":24}},"2":{"start":{"line":7,"column":4},"end":{"line":10,"column":5}},"3":{"start":{"line":8,"column":8},"end":{"line":8,"column":80}},"4":{"start":{"line":9,"column":8},"end":{"line":9,"column":37}},"5":{"start":{"line":12,"column":4},"end":{"line":35,"column":5}},"6":{"start":{"line":13,"column":30},"end":{"line":13,"column":68}},"7":{"start":{"line":14,"column":8},"end":{"line":14,"column":88}},"8":{"start":{"line":16,"column":27},"end":{"line":16,"column":73}},"9":{"start":{"line":19,"column":8},"end":{"line":22,"column":11}},"10":{"start":{"line":20,"column":12},"end":{"line":20,"column":48}},"11":{"start":{"line":21,"column":12},"end":{"line":21,"column":43}},"12":{"start":{"line":24,"column":8},"end":{"line":24,"column":116}},"13":{"start":{"line":27,"column":8},"end":{"line":27,"column":43}},"14":{"start":{"line":28,"column":29},"end":{"line":28,"column":76}},"15":{"start":{"line":29,"column":8},"end":{"line":29,"column":60}},"16":{"start":{"line":30,"column":8},"end":{"line":30,"column":79}},"17":{"start":{"line":30,"column":42},"end":{"line":30,"column":77}},"18":{"start":{"line":31,"column":8},"end":{"line":31,"column":26}},"19":{"start":{"line":33,"column":8},"end":{"line":33,"column":82}},"20":{"start":{"line":34,"column":8},"end":{"line":34,"column":18}},"21":{"start":{"line":38,"column":0},"end":{"line":38,"column":35}}},"fnMap":{"0":{"name":"connectToDatabase","decl":{"start":{"line":6,"column":15},"end":{"line":6,"column":32}},"loc":{"start":{"line":6,"column":41},"end":{"line":36,"column":1}},"line":6},"1":{"name":"(anonymous_1)","decl":{"start":{"line":19,"column":26},"end":{"line":19,"column":27}},"loc":{"start":{"line":19,"column":47},"end":{"line":22,"column":9}},"line":19},"2":{"name":"(anonymous_2)","decl":{"start":{"line":30,"column":28},"end":{"line":30,"column":29}},"loc":{"start":{"line":30,"column":42},"end":{"line":30,"column":77}},"line":30}},"branchMap":{"0":{"loc":{"start":{"line":7,"column":4},"end":{"line":10,"column":5}},"type":"if","locations":[{"start":{"line":7,"column":4},"end":{"line":10,"column":5}},{"start":{},"end":{}}],"line":7}},"s":{"0":1,"1":1,"2":0,"3":0,"4":0,"5":0,"6":0,"7":0,"8":0,"9":0,"10":0,"11":0,"12":0,"13":0,"14":0,"15":0,"16":0,"17":0,"18":0,"19":0,"20":0,"21":1},"f":{"0":0,"1":0,"2":0},"b":{"0":[0,0]},"_coverageSchema":"1a1c01bbd47fc00a2c39e90264f33305004495a9","hash":"b2ed81cb242da35b862446ff1606ccbce3797da7"}
,"C:\\Users\\Marcel Nyembo\\Desktop\\Talented_JobMarket_API\\models\\applicantModel.js": {"path":"C:\\Users\\Marcel Nyembo\\Desktop\\Talented_JobMarket_API\\models\\applicantModel.js","statementMap":{"0":{"start":{"line":2,"column":17},"end":{"line":2,"column":36}},"1":{"start":{"line":3,"column":15},"end":{"line":3,"column":30}},"2":{"start":{"line":5,"column":24},"end":{"line":48,"column":24}},"3":{"start":{"line":50,"column":18},"end":{"line":50,"column":63}},"4":{"start":{"line":52,"column":0},"end":{"line":52,"column":27}}},"fnMap":{},"branchMap":{},"s":{"0":1,"1":1,"2":1,"3":1,"4":1},"f":{},"b":{},"_coverageSchema":"1a1c01bbd47fc00a2c39e90264f33305004495a9","hash":"d230b19c199526c803c3af48219e7f9b0f714c99"}
,"C:\\Users\\Marcel Nyembo\\Desktop\\Talented_JobMarket_API\\models\\applicationModel.js": {"path":"C:\\Users\\Marcel Nyembo\\Desktop\\Talented_JobMarket_API\\models\\applicationModel.js","statementMap":{"0":{"start":{"line":1,"column":17},"end":{"line":1,"column":36}},"1":{"start":{"line":2,"column":15},"end":{"line":2,"column":30}},"2":{"start":{"line":4,"column":26},"end":{"line":56,"column":24}},"3":{"start":{"line":59,"column":0},"end":{"line":59,"column":82}},"4":{"start":{"line":61,"column":20},"end":{"line":61,"column":69}},"5":{"start":{"line":63,"column":0},"end":{"line":63,"column":29}}},"fnMap":{},"branchMap":{},"s":{"0":1,"1":1,"2":1,"3":1,"4":1,"5":1},"f":{},"b":{},"_coverageSchema":"1a1c01bbd47fc00a2c39e90264f33305004495a9","hash":"7f2aa18934707fa82cdaa15443d7da9630c21335"}
,"C:\\Users\\Marcel Nyembo\\Desktop\\Talented_JobMarket_API\\models\\jobOpportunityModel.js": {"path":"C:\\Users\\Marcel Nyembo\\Desktop\\Talented_JobMarket_API\\models\\jobOpportunityModel.js","statementMap":{"0":{"start":{"line":1,"column":17},"end":{"line":1,"column":36}},"1":{"start":{"line":2,"column":15},"end":{"line":2,"column":30}},"2":{"start":{"line":4,"column":29},"end":{"line":75,"column":24}},"3":{"start":{"line":77,"column":23},"end":{"line":77,"column":79}},"4":{"start":{"line":79,"column":0},"end":{"line":79,"column":32}}},"fnMap":{},"branchMap":{},"s":{"0":1,"1":1,"2":1,"3":1,"4":1},"f":{},"b":{},"_coverageSchema":"1a1c01bbd47fc00a2c39e90264f33305004495a9","hash":"697664bb6ef88060d44437142c01daad8718b5d9"}
,"C:\\Users\\Marcel Nyembo\\Desktop\\Talented_JobMarket_API\\utilities\\index.js": {"path":"C:\\Users\\Marcel Nyembo\\Desktop\\Talented_JobMarket_API\\utilities\\index.js","statementMap":{"0":{"start":{"line":2,"column":18},"end":{"line":2,"column":41}},"1":{"start":{"line":3,"column":17},"end":{"line":3,"column":36}},"2":{"start":{"line":5,"column":13},"end":{"line":5,"column":15}},"3":{"start":{"line":6,"column":0},"end":{"line":13,"column":2}},"4":{"start":{"line":7,"column":23},"end":{"line":7,"column":46}},"5":{"start":{"line":9,"column":4},"end":{"line":11,"column":5}},"6":{"start":{"line":10,"column":8},"end":{"line":10,"column":62}},"7":{"start":{"line":12,"column":4},"end":{"line":12,"column":40}},"8":{"start":{"line":15,"column":0},"end":{"line":15,"column":22}}},"fnMap":{"0":{"name":"(anonymous_0)","decl":{"start":{"line":6,"column":16},"end":{"line":6,"column":17}},"loc":{"start":{"line":6,"column":59},"end":{"line":13,"column":1}},"line":6}},"branchMap":{"0":{"loc":{"start":{"line":9,"column":4},"end":{"line":11,"column":5}},"type":"if","locations":[{"start":{"line":9,"column":4},"end":{"line":11,"column":5}},{"start":{},"end":{}}],"line":9}},"s":{"0":1,"1":1,"2":1,"3":1,"4":0,"5":0,"6":0,"7":0,"8":1},"f":{"0":0},"b":{"0":[0,0]},"_coverageSchema":"1a1c01bbd47fc00a2c39e90264f33305004495a9","hash":"209c63fb26af96b3e0aa8b7d0e4506165633e43a"}
}
