TN:
SF:controllers\applicationController.js
FN:18,(anonymous_0)
FN:33,(anonymous_1)
FN:46,(anonymous_2)
FN:59,(anonymous_3)
FN:71,(anonymous_4)
FN:81,(anonymous_5)
FN:102,(anonymous_6)
FN:163,(anonymous_7)
FN:173,(anonymous_8)
FN:208,(anonymous_9)
FNF:10
FNH:0
FNDA:0,(anonymous_0)
FNDA:0,(anonymous_1)
FNDA:0,(anonymous_2)
FNDA:0,(anonymous_3)
FNDA:0,(anonymous_4)
FNDA:0,(anonymous_5)
FNDA:0,(anonymous_6)
FNDA:0,(anonymous_7)
FNDA:0,(anonymous_8)
FNDA:0,(anonymous_9)
DA:3,1
DA:4,1
DA:6,1
DA:8,1
DA:9,1
DA:10,1
DA:11,1
DA:12,1
DA:14,1
DA:17,1
DA:19,0
DA:20,0
DA:21,0
DA:22,0
DA:25,0
DA:28,0
DA:30,0
DA:34,0
DA:35,0
DA:36,0
DA:38,0
DA:40,0
DA:44,1
DA:47,0
DA:48,0
DA:49,0
DA:51,0
DA:59,1
DA:60,0
DA:61,0
DA:64,0
DA:65,0
DA:67,0
DA:71,1
DA:72,0
DA:73,0
DA:74,0
DA:75,0
DA:77,0
DA:81,1
DA:82,0
DA:83,0
DA:86,0
DA:87,0
DA:88,0
DA:90,0
DA:94,1
DA:102,1
DA:103,0
DA:104,0
DA:105,0
DA:108,0
DA:109,0
DA:110,0
DA:111,0
DA:112,0
DA:113,0
DA:114,0
DA:115,0
DA:116,0
DA:117,0
DA:120,0
DA:121,0
DA:124,0
DA:125,0
DA:128,0
DA:129,0
DA:132,0
DA:144,0
DA:146,0
DA:148,0
DA:150,0
DA:154,1
DA:163,1
DA:164,0
DA:165,0
DA:166,0
DA:169,0
DA:174,0
DA:175,0
DA:178,0
DA:179,0
DA:180,0
DA:182,0
DA:183,0
DA:184,0
DA:185,0
DA:186,0
DA:187,0
DA:189,0
DA:190,0
DA:192,0
DA:193,0
DA:195,0
DA:196,0
DA:199,0
DA:200,0
DA:201,0
DA:203,0
DA:208,1
DA:209,0
DA:210,0
DA:211,0
DA:212,0
DA:214,0
DA:218,1
LF:106
LH:20
BRDA:20,0,0,0
BRDA:20,0,1,0
BRDA:48,1,0,0
BRDA:48,1,1,0
BRDA:86,2,0,0
BRDA:86,2,1,0
BRDA:104,3,0,0
BRDA:104,3,1,0
BRDA:116,4,0,0
BRDA:116,4,1,0
BRDA:120,5,0,0
BRDA:120,5,1,0
BRDA:120,6,0,0
BRDA:120,6,1,0
BRDA:124,7,0,0
BRDA:124,7,1,0
BRDA:124,8,0,0
BRDA:124,8,1,0
BRDA:128,9,0,0
BRDA:128,9,1,0
BRDA:128,10,0,0
BRDA:128,10,1,0
BRDA:146,11,0,0
BRDA:146,11,1,0
BRDA:165,12,0,0
BRDA:165,12,1,0
BRDA:174,13,0,0
BRDA:174,13,1,0
BRDA:182,14,0,0
BRDA:182,14,1,0
BRDA:183,15,0,0
BRDA:183,15,1,0
BRDA:184,16,0,0
BRDA:184,16,1,0
BRDA:185,17,0,0
BRDA:185,17,1,0
BRDA:186,18,0,0
BRDA:186,18,1,0
BRDA:187,19,0,0
BRDA:187,19,1,0
BRDA:189,20,0,0
BRDA:189,20,1,0
BRDA:189,21,0,0
BRDA:189,21,1,0
BRDA:192,22,0,0
BRDA:192,22,1,0
BRDA:192,23,0,0
BRDA:192,23,1,0
BRDA:195,24,0,0
BRDA:195,24,1,0
BRDA:195,25,0,0
BRDA:195,25,1,0
BRDA:200,26,0,0
BRDA:200,26,1,0
BRDA:211,27,0,0
BRDA:211,27,1,0
BRF:56
BRH:0
end_of_record
TN:
SF:database\index.js
FN:6,connectToDatabase
FN:19,(anonymous_1)
FN:30,(anonymous_2)
FNF:3
FNH:0
FNDA:0,connectToDatabase
FNDA:0,(anonymous_1)
FNDA:0,(anonymous_2)
DA:2,1
DA:4,1
DA:7,0
DA:8,0
DA:9,0
DA:12,0
DA:13,0
DA:14,0
DA:16,0
DA:19,0
DA:20,0
DA:21,0
DA:24,0
DA:27,0
DA:28,0
DA:29,0
DA:30,0
DA:31,0
DA:33,0
DA:34,0
DA:38,1
LF:21
LH:3
BRDA:7,0,0,0
BRDA:7,0,1,0
BRF:2
BRH:0
end_of_record
TN:
SF:models\applicantModel.js
FNF:0
FNH:0
DA:2,1
DA:3,1
DA:5,1
DA:50,1
DA:52,1
LF:5
LH:5
BRF:0
BRH:0
end_of_record
TN:
SF:models\applicationModel.js
FNF:0
FNH:0
DA:1,1
DA:2,1
DA:4,1
DA:59,1
DA:61,1
DA:63,1
LF:6
LH:6
BRF:0
BRH:0
end_of_record
TN:
SF:models\jobOpportunityModel.js
FNF:0
FNH:0
DA:1,1
DA:2,1
DA:4,1
DA:77,1
DA:79,1
LF:5
LH:5
BRF:0
BRH:0
end_of_record
TN:
SF:utilities\index.js
FN:6,(anonymous_0)
FNF:1
FNH:0
FNDA:0,(anonymous_0)
DA:2,1
DA:3,1
DA:5,1
DA:6,1
DA:7,0
DA:9,0
DA:10,0
DA:12,0
DA:15,1
LF:9
LH:5
BRDA:9,0,0,0
BRDA:9,0,1,0
BRF:2
BRH:0
end_of_record
